<?xml version="1.0" encoding="UTF-8"?>
<testng-results ignored="2" total="12" passed="8" failed="2" skipped="0">
  <reporter-output>
    <line>
      <![CDATA[--Launch chrome Browser--]]>
    </line>
    <line>
      <![CDATA[--Launch chrome Browser--]]>
    </line>
    <line>
      <![CDATA[-- Logged into application--]]>
    </line>
    <line>
      <![CDATA[-- Logged into application--]]>
    </line>
    <line>
      <![CDATA[Execution starts form here]]>
    </line>
    <line>
      <![CDATA[Execution starts form here]]>
    </line>
    <line>
      <![CDATA[createProduct----->Executed successfully]]>
    </line>
    <line>
      <![CDATA[createProduct----->Executed successfully]]>
    </line>
    <line>
      <![CDATA[--logout from  application--]]>
    </line>
    <line>
      <![CDATA[--logout from  application--]]>
    </line>
    <line>
      <![CDATA[--close the browser--]]>
    </line>
    <line>
      <![CDATA[--close the browser--]]>
    </line>
    <line>
      <![CDATA[--Launch chrome Browser--]]>
    </line>
    <line>
      <![CDATA[--Launch chrome Browser--]]>
    </line>
    <line>
      <![CDATA[-- Logged into application--]]>
    </line>
    <line>
      <![CDATA[Execution starts form here]]>
    </line>
    <line>
      <![CDATA[-- Logged into application--]]>
    </line>
    <line>
      <![CDATA[Execution starts form here]]>
    </line>
    <line>
      <![CDATA[createUserAcc----->Executed successfully]]>
    </line>
    <line>
      <![CDATA[createUserAcc----->Executed successfully]]>
    </line>
    <line>
      <![CDATA[--logout from  application--]]>
    </line>
    <line>
      <![CDATA[--logout from  application--]]>
    </line>
    <line>
      <![CDATA[--close the browser--]]>
    </line>
    <line>
      <![CDATA[--close the browser--]]>
    </line>
    <line>
      <![CDATA[--Launch chrome Browser--]]>
    </line>
    <line>
      <![CDATA[--Launch chrome Browser--]]>
    </line>
    <line>
      <![CDATA[-- Logged into application--]]>
    </line>
    <line>
      <![CDATA[Execution starts form here]]>
    </line>
    <line>
      <![CDATA[-- Logged into application--]]>
    </line>
    <line>
      <![CDATA[Execution starts form here]]>
    </line>
    <line>
      <![CDATA[Admin_billing----->Executed successfully]]>
    </line>
    <line>
      <![CDATA[Admin_billing----->Executed successfully]]>
    </line>
    <line>
      <![CDATA[--logout from  application--]]>
    </line>
    <line>
      <![CDATA[--logout from  application--]]>
    </line>
    <line>
      <![CDATA[--close the browser--]]>
    </line>
    <line>
      <![CDATA[--close the browser--]]>
    </line>
    <line>
      <![CDATA[--Launch chrome Browser--]]>
    </line>
    <line>
      <![CDATA[--Launch chrome Browser--]]>
    </line>
    <line>
      <![CDATA[-- Logged into application--]]>
    </line>
    <line>
      <![CDATA[Execution starts form here]]>
    </line>
    <line>
      <![CDATA[-- Logged into application--]]>
    </line>
    <line>
      <![CDATA[Execution starts form here]]>
    </line>
    <line>
      <![CDATA[UpdateInventory----->Executed successfully]]>
    </line>
    <line>
      <![CDATA[UpdateInventory----->Executed successfully]]>
    </line>
    <line>
      <![CDATA[--logout from  application--]]>
    </line>
    <line>
      <![CDATA[--logout from  application--]]>
    </line>
    <line>
      <![CDATA[--close the browser--]]>
    </line>
    <line>
      <![CDATA[--close the browser--]]>
    </line>
    <line>
      <![CDATA[--Launch chrome Browser--]]>
    </line>
    <line>
      <![CDATA[--Launch chrome Browser--]]>
    </line>
    <line>
      <![CDATA[-- Logged into application--]]>
    </line>
    <line>
      <![CDATA[Execution starts form here]]>
    </line>
    <line>
      <![CDATA[-- Logged into application--]]>
    </line>
    <line>
      <![CDATA[Execution starts form here]]>
    </line>
    <line>
      <![CDATA[User_billing----->skipped]]>
    </line>
    <line>
      <![CDATA[--logout from  application--]]>
    </line>
    <line>
      <![CDATA[--close the browser--]]>
    </line>
    <line>
      <![CDATA[--logout from  application--]]>
    </line>
    <line>
      <![CDATA[--close the browser--]]>
    </line>
  </reporter-output>
  <suite started-at="2024-04-17T15:49:45 IST" name="Suite" finished-at="2024-04-17T15:54:27 IST" duration-ms="281692">
    <groups>
      <group name="smoke">
        <method signature="DemoTest.createProduct()[pri:0, instance:TestNG.DemoTest@48f2bd5b]" name="createProduct" class="TestNG.DemoTest"/>
        <method signature="DemoTest.createProduct()[pri:0, instance:TestNG.DemoTest@682b2fa]" name="createProduct" class="TestNG.DemoTest"/>
      </group> <!-- smoke -->
    </groups>
    <test started-at="2024-04-17T15:49:45 IST" name="Test1" finished-at="2024-04-17T15:51:27 IST" duration-ms="101500">
      <class name="TestNG.DemoTest">
        <test-method is-config="true" signature="loginApp()[pri:0, instance:TestNG.DemoTest@48f2bd5b]" started-at="2024-04-17T15:49:45 IST" name="loginApp" finished-at="2024-04-17T15:49:52 IST" duration-ms="7057" status="PASS">
          <reporter-output>
            <line>
              <![CDATA[--Launch chrome Browser--]]>
            </line>
            <line>
              <![CDATA[-- Logged into application--]]>
            </line>
          </reporter-output>
        </test-method> <!-- loginApp -->
        <test-method signature="createProduct()[pri:0, instance:TestNG.DemoTest@48f2bd5b]" started-at="2024-04-17T15:49:52 IST" name="createProduct" finished-at="2024-04-17T15:50:10 IST" duration-ms="17917" status="PASS">
          <reporter-output>
            <line>
              <![CDATA[Execution starts form here]]>
            </line>
            <line>
              <![CDATA[createProduct----->Executed successfully]]>
            </line>
          </reporter-output>
        </test-method> <!-- createProduct -->
        <test-method is-config="true" signature="logOutFromApp()[pri:0, instance:TestNG.DemoTest@48f2bd5b]" started-at="2024-04-17T15:50:10 IST" name="logOutFromApp" finished-at="2024-04-17T15:50:11 IST" duration-ms="1147" status="PASS">
          <reporter-output>
            <line>
              <![CDATA[--logout from  application--]]>
            </line>
            <line>
              <![CDATA[--close the browser--]]>
            </line>
          </reporter-output>
        </test-method> <!-- logOutFromApp -->
        <test-method is-config="true" signature="loginApp()[pri:0, instance:TestNG.DemoTest@48f2bd5b]" started-at="2024-04-17T15:50:11 IST" name="loginApp" finished-at="2024-04-17T15:50:16 IST" duration-ms="4270" status="PASS">
          <reporter-output>
            <line>
              <![CDATA[--Launch chrome Browser--]]>
            </line>
            <line>
              <![CDATA[-- Logged into application--]]>
            </line>
          </reporter-output>
        </test-method> <!-- loginApp -->
        <test-method signature="createUserAcc()[pri:0, instance:TestNG.DemoTest@48f2bd5b]" started-at="2024-04-17T15:50:16 IST" name="createUserAcc" finished-at="2024-04-17T15:50:37 IST" duration-ms="21296" status="PASS">
          <reporter-output>
            <line>
              <![CDATA[Execution starts form here]]>
            </line>
            <line>
              <![CDATA[createUserAcc----->Executed successfully]]>
            </line>
          </reporter-output>
        </test-method> <!-- createUserAcc -->
        <test-method is-config="true" signature="logOutFromApp()[pri:0, instance:TestNG.DemoTest@48f2bd5b]" started-at="2024-04-17T15:50:37 IST" name="logOutFromApp" finished-at="2024-04-17T15:50:38 IST" duration-ms="1385" status="PASS">
          <reporter-output>
            <line>
              <![CDATA[--logout from  application--]]>
            </line>
            <line>
              <![CDATA[--close the browser--]]>
            </line>
          </reporter-output>
        </test-method> <!-- logOutFromApp -->
      </class> <!-- TestNG.DemoTest -->
      <class name="TestNG.sampleTest">
        <test-method is-config="true" signature="loginApp()[pri:0, instance:TestNG.sampleTest@14cd1699]" started-at="2024-04-17T15:50:38 IST" name="loginApp" finished-at="2024-04-17T15:50:43 IST" duration-ms="4081" status="PASS">
          <reporter-output>
            <line>
              <![CDATA[--Launch chrome Browser--]]>
            </line>
            <line>
              <![CDATA[-- Logged into application--]]>
            </line>
          </reporter-output>
        </test-method> <!-- loginApp -->
        <test-method signature="Admin_billing()[pri:0, instance:TestNG.sampleTest@14cd1699]" started-at="2024-04-17T15:50:43 IST" name="Admin_billing" finished-at="2024-04-17T15:50:53 IST" duration-ms="10642" status="PASS">
          <reporter-output>
            <line>
              <![CDATA[Execution starts form here]]>
            </line>
            <line>
              <![CDATA[Admin_billing----->Executed successfully]]>
            </line>
          </reporter-output>
        </test-method> <!-- Admin_billing -->
        <test-method is-config="true" signature="logOutFromApp()[pri:0, instance:TestNG.sampleTest@14cd1699]" started-at="2024-04-17T15:50:53 IST" name="logOutFromApp" finished-at="2024-04-17T15:50:54 IST" duration-ms="1137" status="PASS">
          <reporter-output>
            <line>
              <![CDATA[--logout from  application--]]>
            </line>
            <line>
              <![CDATA[--close the browser--]]>
            </line>
          </reporter-output>
        </test-method> <!-- logOutFromApp -->
        <test-method is-config="true" signature="loginApp()[pri:0, instance:TestNG.sampleTest@14cd1699]" started-at="2024-04-17T15:50:54 IST" name="loginApp" finished-at="2024-04-17T15:50:59 IST" duration-ms="5064" status="PASS">
          <reporter-output>
            <line>
              <![CDATA[--Launch chrome Browser--]]>
            </line>
            <line>
              <![CDATA[-- Logged into application--]]>
            </line>
          </reporter-output>
        </test-method> <!-- loginApp -->
        <test-method signature="UpdateInventory()[pri:0, instance:TestNG.sampleTest@14cd1699]" started-at="2024-04-17T15:50:59 IST" name="UpdateInventory" finished-at="2024-04-17T15:51:08 IST" duration-ms="8822" status="PASS">
          <reporter-output>
            <line>
              <![CDATA[Execution starts form here]]>
            </line>
            <line>
              <![CDATA[UpdateInventory----->Executed successfully]]>
            </line>
          </reporter-output>
        </test-method> <!-- UpdateInventory -->
        <test-method is-config="true" signature="logOutFromApp()[pri:0, instance:TestNG.sampleTest@14cd1699]" started-at="2024-04-17T15:51:08 IST" name="logOutFromApp" finished-at="2024-04-17T15:51:10 IST" duration-ms="1588" status="PASS">
          <reporter-output>
            <line>
              <![CDATA[--logout from  application--]]>
            </line>
            <line>
              <![CDATA[--close the browser--]]>
            </line>
          </reporter-output>
        </test-method> <!-- logOutFromApp -->
        <test-method is-config="true" signature="loginApp()[pri:0, instance:TestNG.sampleTest@14cd1699]" started-at="2024-04-17T15:51:10 IST" name="loginApp" finished-at="2024-04-17T15:51:14 IST" duration-ms="4203" status="PASS">
          <reporter-output>
            <line>
              <![CDATA[--Launch chrome Browser--]]>
            </line>
            <line>
              <![CDATA[-- Logged into application--]]>
            </line>
          </reporter-output>
        </test-method> <!-- loginApp -->
        <test-method signature="User_billing()[pri:0, instance:TestNG.sampleTest@14cd1699]" started-at="2024-04-17T15:51:14 IST" name="User_billing" finished-at="2024-04-17T15:51:26 IST" duration-ms="11512" status="FAIL">
          <exception class="java.lang.AssertionError">
            <message>
              <![CDATA[null]]>
            </message>
            <full-stacktrace>
              <![CDATA[java.lang.AssertionError: null
at org.testng.Assert.fail(Assert.java:110)
at org.testng.Assert.fail(Assert.java:115)
at TestNG.sampleTest.User_billing(sampleTest.java:124)
at java.base/jdk.internal.reflect.NativeMethodAccessorImpl.invoke0(Native Method)
at java.base/jdk.internal.reflect.NativeMethodAccessorImpl.invoke(NativeMethodAccessorImpl.java:77)
at java.base/jdk.internal.reflect.DelegatingMethodAccessorImpl.invoke(DelegatingMethodAccessorImpl.java:43)
at java.base/java.lang.reflect.Method.invoke(Method.java:568)
at org.testng.internal.invokers.MethodInvocationHelper.invokeMethod(MethodInvocationHelper.java:139)
at org.testng.internal.invokers.TestInvoker.invokeMethod(TestInvoker.java:677)
at org.testng.internal.invokers.TestInvoker.invokeTestMethod(TestInvoker.java:221)
at org.testng.internal.invokers.MethodRunner.runInSequence(MethodRunner.java:50)
at org.testng.internal.invokers.TestInvoker$MethodInvocationAgent.invoke(TestInvoker.java:969)
at org.testng.internal.invokers.TestInvoker.invokeTestMethods(TestInvoker.java:194)
at org.testng.internal.invokers.TestMethodWorker.invokeTestMethods(TestMethodWorker.java:148)
at org.testng.internal.invokers.TestMethodWorker.run(TestMethodWorker.java:128)
at java.base/java.util.ArrayList.forEach(ArrayList.java:1511)
at org.testng.TestRunner.privateRun(TestRunner.java:829)
at org.testng.TestRunner.run(TestRunner.java:602)
at org.testng.SuiteRunner.runTest(SuiteRunner.java:437)
at org.testng.SuiteRunner$SuiteWorker.run(SuiteRunner.java:475)
at org.testng.internal.thread.ThreadUtil.lambda$execute$0(ThreadUtil.java:58)
at java.base/java.util.concurrent.FutureTask.run(FutureTask.java:264)
at java.base/java.util.concurrent.ThreadPoolExecutor.runWorker(ThreadPoolExecutor.java:1136)
at java.base/java.util.concurrent.ThreadPoolExecutor$Worker.run(ThreadPoolExecutor.java:635)
at java.base/java.lang.Thread.run(Thread.java:842)
]]>
            </full-stacktrace>
          </exception> <!-- java.lang.AssertionError -->
          <reporter-output>
            <line>
              <![CDATA[Execution starts form here]]>
            </line>
            <line>
              <![CDATA[User_billing----->skipped]]>
            </line>
          </reporter-output>
        </test-method> <!-- User_billing -->
        <test-method is-config="true" signature="logOutFromApp()[pri:0, instance:TestNG.sampleTest@14cd1699]" started-at="2024-04-17T15:51:26 IST" name="logOutFromApp" finished-at="2024-04-17T15:51:27 IST" duration-ms="799" status="PASS">
          <reporter-output>
            <line>
              <![CDATA[--logout from  application--]]>
            </line>
            <line>
              <![CDATA[--close the browser--]]>
            </line>
          </reporter-output>
        </test-method> <!-- logOutFromApp -->
      </class> <!-- TestNG.sampleTest -->
    </test> <!-- Test1 -->
    <test started-at="2024-04-17T15:49:45 IST" name="Test2" finished-at="2024-04-17T15:54:27 IST" duration-ms="281692">
      <class name="TestNG.DemoTest">
        <test-method is-config="true" signature="connectToDB()[pri:0, instance:TestNG.DemoTest@682b2fa]" started-at="2024-04-17T15:49:45 IST" name="connectToDB" finished-at="2024-04-17T15:49:45 IST" duration-ms="354" status="PASS">
          <reporter-output>
          </reporter-output>
        </test-method> <!-- connectToDB -->
        <test-method is-config="true" signature="loginApp()[pri:0, instance:TestNG.DemoTest@682b2fa]" started-at="2024-04-17T15:49:45 IST" name="loginApp" finished-at="2024-04-17T15:49:52 IST" duration-ms="7057" status="PASS">
          <reporter-output>
            <line>
              <![CDATA[--Launch chrome Browser--]]>
            </line>
            <line>
              <![CDATA[-- Logged into application--]]>
            </line>
          </reporter-output>
        </test-method> <!-- loginApp -->
        <test-method signature="createProduct()[pri:0, instance:TestNG.DemoTest@682b2fa]" started-at="2024-04-17T15:49:52 IST" name="createProduct" finished-at="2024-04-17T15:50:10 IST" duration-ms="17910" status="PASS">
          <reporter-output>
            <line>
              <![CDATA[Execution starts form here]]>
            </line>
            <line>
              <![CDATA[createProduct----->Executed successfully]]>
            </line>
          </reporter-output>
        </test-method> <!-- createProduct -->
        <test-method is-config="true" signature="logOutFromApp()[pri:0, instance:TestNG.DemoTest@682b2fa]" started-at="2024-04-17T15:50:10 IST" name="logOutFromApp" finished-at="2024-04-17T15:50:11 IST" duration-ms="1147" status="PASS">
          <reporter-output>
            <line>
              <![CDATA[--logout from  application--]]>
            </line>
            <line>
              <![CDATA[--close the browser--]]>
            </line>
          </reporter-output>
        </test-method> <!-- logOutFromApp -->
        <test-method is-config="true" signature="loginApp()[pri:0, instance:TestNG.DemoTest@682b2fa]" started-at="2024-04-17T15:50:11 IST" name="loginApp" finished-at="2024-04-17T15:50:16 IST" duration-ms="4335" status="PASS">
          <reporter-output>
            <line>
              <![CDATA[--Launch chrome Browser--]]>
            </line>
            <line>
              <![CDATA[-- Logged into application--]]>
            </line>
          </reporter-output>
        </test-method> <!-- loginApp -->
        <test-method signature="createUserAcc()[pri:0, instance:TestNG.DemoTest@682b2fa]" started-at="2024-04-17T15:50:16 IST" name="createUserAcc" finished-at="2024-04-17T15:50:37 IST" duration-ms="21231" status="PASS">
          <reporter-output>
            <line>
              <![CDATA[Execution starts form here]]>
            </line>
            <line>
              <![CDATA[createUserAcc----->Executed successfully]]>
            </line>
          </reporter-output>
        </test-method> <!-- createUserAcc -->
        <test-method is-config="true" signature="logOutFromApp()[pri:0, instance:TestNG.DemoTest@682b2fa]" started-at="2024-04-17T15:50:37 IST" name="logOutFromApp" finished-at="2024-04-17T15:50:38 IST" duration-ms="1324" status="PASS">
          <reporter-output>
            <line>
              <![CDATA[--logout from  application--]]>
            </line>
            <line>
              <![CDATA[--close the browser--]]>
            </line>
          </reporter-output>
        </test-method> <!-- logOutFromApp -->
      </class> <!-- TestNG.DemoTest -->
      <class name="TestNG.sampleTest">
        <test-method is-config="true" signature="loginApp()[pri:0, instance:TestNG.sampleTest@217ed35e]" started-at="2024-04-17T15:50:38 IST" name="loginApp" finished-at="2024-04-17T15:50:42 IST" duration-ms="3932" status="PASS">
          <reporter-output>
            <line>
              <![CDATA[--Launch chrome Browser--]]>
            </line>
            <line>
              <![CDATA[-- Logged into application--]]>
            </line>
          </reporter-output>
        </test-method> <!-- loginApp -->
        <test-method signature="Admin_billing()[pri:0, instance:TestNG.sampleTest@217ed35e]" started-at="2024-04-17T15:50:42 IST" name="Admin_billing" finished-at="2024-04-17T15:50:53 IST" duration-ms="10849" status="PASS">
          <reporter-output>
            <line>
              <![CDATA[Execution starts form here]]>
            </line>
            <line>
              <![CDATA[Admin_billing----->Executed successfully]]>
            </line>
          </reporter-output>
        </test-method> <!-- Admin_billing -->
        <test-method is-config="true" signature="logOutFromApp()[pri:0, instance:TestNG.sampleTest@217ed35e]" started-at="2024-04-17T15:50:53 IST" name="logOutFromApp" finished-at="2024-04-17T15:50:54 IST" duration-ms="1157" status="PASS">
          <reporter-output>
            <line>
              <![CDATA[--logout from  application--]]>
            </line>
            <line>
              <![CDATA[--close the browser--]]>
            </line>
          </reporter-output>
        </test-method> <!-- logOutFromApp -->
        <test-method is-config="true" signature="loginApp()[pri:0, instance:TestNG.sampleTest@217ed35e]" started-at="2024-04-17T15:50:54 IST" name="loginApp" finished-at="2024-04-17T15:50:59 IST" duration-ms="4924" status="PASS">
          <reporter-output>
            <line>
              <![CDATA[--Launch chrome Browser--]]>
            </line>
            <line>
              <![CDATA[-- Logged into application--]]>
            </line>
          </reporter-output>
        </test-method> <!-- loginApp -->
        <test-method signature="UpdateInventory()[pri:0, instance:TestNG.sampleTest@217ed35e]" started-at="2024-04-17T15:50:59 IST" name="UpdateInventory" finished-at="2024-04-17T15:51:08 IST" duration-ms="8926" status="PASS">
          <reporter-output>
            <line>
              <![CDATA[Execution starts form here]]>
            </line>
            <line>
              <![CDATA[UpdateInventory----->Executed successfully]]>
            </line>
          </reporter-output>
        </test-method> <!-- UpdateInventory -->
        <test-method is-config="true" signature="logOutFromApp()[pri:0, instance:TestNG.sampleTest@217ed35e]" started-at="2024-04-17T15:51:08 IST" name="logOutFromApp" finished-at="2024-04-17T15:51:10 IST" duration-ms="1688" status="PASS">
          <reporter-output>
            <line>
              <![CDATA[--logout from  application--]]>
            </line>
            <line>
              <![CDATA[--close the browser--]]>
            </line>
          </reporter-output>
        </test-method> <!-- logOutFromApp -->
        <test-method is-config="true" signature="loginApp()[pri:0, instance:TestNG.sampleTest@217ed35e]" started-at="2024-04-17T15:51:10 IST" name="loginApp" finished-at="2024-04-17T15:51:15 IST" duration-ms="4718" status="PASS">
          <reporter-output>
            <line>
              <![CDATA[--Launch chrome Browser--]]>
            </line>
            <line>
              <![CDATA[-- Logged into application--]]>
            </line>
          </reporter-output>
        </test-method> <!-- loginApp -->
        <test-method signature="User_billing()[pri:0, instance:TestNG.sampleTest@217ed35e]" started-at="2024-04-17T15:51:15 IST" name="User_billing" finished-at="2024-04-17T15:51:26 IST" duration-ms="11403" status="FAIL">
          <exception class="java.lang.AssertionError">
            <message>
              <![CDATA[null]]>
            </message>
            <full-stacktrace>
              <![CDATA[java.lang.AssertionError: null
at org.testng.Assert.fail(Assert.java:110)
at org.testng.Assert.fail(Assert.java:115)
at TestNG.sampleTest.User_billing(sampleTest.java:124)
at java.base/jdk.internal.reflect.NativeMethodAccessorImpl.invoke0(Native Method)
at java.base/jdk.internal.reflect.NativeMethodAccessorImpl.invoke(NativeMethodAccessorImpl.java:77)
at java.base/jdk.internal.reflect.DelegatingMethodAccessorImpl.invoke(DelegatingMethodAccessorImpl.java:43)
at java.base/java.lang.reflect.Method.invoke(Method.java:568)
at org.testng.internal.invokers.MethodInvocationHelper.invokeMethod(MethodInvocationHelper.java:139)
at org.testng.internal.invokers.TestInvoker.invokeMethod(TestInvoker.java:677)
at org.testng.internal.invokers.TestInvoker.invokeTestMethod(TestInvoker.java:221)
at org.testng.internal.invokers.MethodRunner.runInSequence(MethodRunner.java:50)
at org.testng.internal.invokers.TestInvoker$MethodInvocationAgent.invoke(TestInvoker.java:969)
at org.testng.internal.invokers.TestInvoker.invokeTestMethods(TestInvoker.java:194)
at org.testng.internal.invokers.TestMethodWorker.invokeTestMethods(TestMethodWorker.java:148)
at org.testng.internal.invokers.TestMethodWorker.run(TestMethodWorker.java:128)
at java.base/java.util.ArrayList.forEach(ArrayList.java:1511)
at org.testng.TestRunner.privateRun(TestRunner.java:829)
at org.testng.TestRunner.run(TestRunner.java:602)
at org.testng.SuiteRunner.runTest(SuiteRunner.java:437)
at org.testng.SuiteRunner$SuiteWorker.run(SuiteRunner.java:475)
at org.testng.internal.thread.ThreadUtil.lambda$execute$0(ThreadUtil.java:58)
at java.base/java.util.concurrent.FutureTask.run(FutureTask.java:264)
at java.base/java.util.concurrent.ThreadPoolExecutor.runWorker(ThreadPoolExecutor.java:1136)
at java.base/java.util.concurrent.ThreadPoolExecutor$Worker.run(ThreadPoolExecutor.java:635)
at java.base/java.lang.Thread.run(Thread.java:842)
]]>
            </full-stacktrace>
          </exception> <!-- java.lang.AssertionError -->
          <reporter-output>
            <line>
              <![CDATA[Execution starts form here]]>
            </line>
          </reporter-output>
        </test-method> <!-- User_billing -->
        <test-method is-config="true" signature="logOutFromApp()[pri:0, instance:TestNG.sampleTest@217ed35e]" started-at="2024-04-17T15:54:26 IST" name="logOutFromApp" finished-at="2024-04-17T15:54:27 IST" duration-ms="706" status="PASS">
          <reporter-output>
            <line>
              <![CDATA[--logout from  application--]]>
            </line>
            <line>
              <![CDATA[--close the browser--]]>
            </line>
          </reporter-output>
        </test-method> <!-- logOutFromApp -->
      </class> <!-- TestNG.sampleTest -->
    </test> <!-- Test2 -->
  </suite> <!-- Suite -->
</testng-results>
